 
****************************************
Report : reference
Design : omsp_alu
Version: W-2024.09-SP5-4
Date   : Fri May  1 15:20:02 2026
****************************************

Attributes:
    b - black box (unknown)
   bo - allows boundary optimization
    d - dont_touch
   mo - map_only
    h - hierarchical
    n - noncombinational
    r - removable
    s - synthetic operator
    u - contains unmapped logic

Reference          Library       Unit Area   Count    Total Area   Attributes
-----------------------------------------------------------------------------
AND2X1_RVT         saed32rvt_tt0p78v25c
                                  2.033152     185    376.133139  
AND2X2_RVT         saed32rvt_tt0p78v25c
                                  2.287296       1      2.287296  
AO22X1_RVT         saed32rvt_tt0p78v25c
                                  2.541440       5     12.707200  
AO222X1_RVT        saed32rvt_tt0p78v25c
                                  3.303872      17     56.165826  
AOI22X1_RVT        saed32rvt_tt0p78v25c
                                  3.049728       1      3.049728  
INVX0_RVT          saed32rvt_tt0p78v25c
                                  1.270720      32     40.663040  
NAND2X0_RVT        saed32rvt_tt0p78v25c
                                  1.524864       2      3.049728  
NAND3X0_RVT        saed32rvt_tt0p78v25c
                                  1.779008       1      1.779008  
NOR2X1_RVT         saed32rvt_tt0p78v25c
                                  2.541440       3      7.624320  
OA22X1_RVT         saed32rvt_tt0p78v25c
                                  2.541440       3      7.624320  
OR2X1_RVT          saed32rvt_tt0p78v25c
                                  2.033152     152    309.039120  
XOR2X1_RVT         saed32rvt_tt0p78v25c
                                  4.320448      33    142.574781  
omsp_alu_DP_OP_68_122_3245_1    132.917311       1    132.917311  h
omsp_alu_DP_OP_69_123_7159_1     54.386815       1     54.386815  h
omsp_alu_DP_OP_70_124_7159_1     54.386815       1     54.386815  h
omsp_alu_DP_OP_71_125_7159_1     54.386815       1     54.386815  h
omsp_alu_DP_OP_72_126_7159_1     56.165823       1     56.165823  h
-----------------------------------------------------------------------------
Total 17 references                                  1314.941086

****************************************
Design: omsp_alu_DP_OP_68_122_3245_1 
****************************************
Reference          Library       Unit Area   Count    Total Area   Attributes
-----------------------------------------------------------------------------
FADDX1_RVT         saed32rvt_tt0p78v25c
                                  4.828736      15     72.431037  r
HADDX1_RVT         saed32rvt_tt0p78v25c
                                  3.303872      17     56.165826  r
XOR2X1_RVT         saed32rvt_tt0p78v25c
                                  4.320448       1      4.320448  
-----------------------------------------------------------------------------
Total 3 references                                    132.917311

****************************************
Design: omsp_alu_DP_OP_69_123_7159_1 
****************************************
Reference          Library       Unit Area   Count    Total Area   Attributes
-----------------------------------------------------------------------------
FADDX1_RVT         saed32rvt_tt0p78v25c
                                  4.828736       5     24.143679  r
INVX0_RVT          saed32rvt_tt0p78v25c
                                  1.270720       3      3.812160  
NOR2X0_RVT         saed32rvt_tt0p78v25c
                                  2.541440       1      2.541440  
OA21X1_RVT         saed32rvt_tt0p78v25c
                                  2.541440       1      2.541440  
OR2X1_RVT          saed32rvt_tt0p78v25c
                                  2.033152       2      4.066304  
XNOR2X1_RVT        saed32rvt_tt0p78v25c
                                  4.320448       2      8.640896  
XOR2X1_RVT         saed32rvt_tt0p78v25c
                                  4.320448       2      8.640896  
-----------------------------------------------------------------------------
Total 7 references                                     54.386815

****************************************
Design: omsp_alu_DP_OP_70_124_7159_1 
****************************************
Reference          Library       Unit Area   Count    Total Area   Attributes
-----------------------------------------------------------------------------
FADDX1_RVT         saed32rvt_tt0p78v25c
                                  4.828736       5     24.143679  r
INVX0_RVT          saed32rvt_tt0p78v25c
                                  1.270720       3      3.812160  
NOR2X0_RVT         saed32rvt_tt0p78v25c
                                  2.541440       1      2.541440  
OA21X1_RVT         saed32rvt_tt0p78v25c
                                  2.541440       1      2.541440  
OR2X1_RVT          saed32rvt_tt0p78v25c
                                  2.033152       2      4.066304  
XNOR2X1_RVT        saed32rvt_tt0p78v25c
                                  4.320448       2      8.640896  
XOR2X1_RVT         saed32rvt_tt0p78v25c
                                  4.320448       2      8.640896  
-----------------------------------------------------------------------------
Total 7 references                                     54.386815

****************************************
Design: omsp_alu_DP_OP_71_125_7159_1 
****************************************
Reference          Library       Unit Area   Count    Total Area   Attributes
-----------------------------------------------------------------------------
FADDX1_RVT         saed32rvt_tt0p78v25c
                                  4.828736       5     24.143679  r
INVX0_RVT          saed32rvt_tt0p78v25c
                                  1.270720       3      3.812160  
NOR2X0_RVT         saed32rvt_tt0p78v25c
                                  2.541440       1      2.541440  
OA21X1_RVT         saed32rvt_tt0p78v25c
                                  2.541440       1      2.541440  
OR2X1_RVT          saed32rvt_tt0p78v25c
                                  2.033152       2      4.066304  
XNOR2X1_RVT        saed32rvt_tt0p78v25c
                                  4.320448       2      8.640896  
XOR2X1_RVT         saed32rvt_tt0p78v25c
                                  4.320448       2      8.640896  
-----------------------------------------------------------------------------
Total 7 references                                     54.386815

****************************************
Design: omsp_alu_DP_OP_72_126_7159_1 
****************************************
Reference          Library       Unit Area   Count    Total Area   Attributes
-----------------------------------------------------------------------------
FADDX1_RVT         saed32rvt_tt0p78v25c
                                  4.828736       5     24.143679  r
INVX0_RVT          saed32rvt_tt0p78v25c
                                  1.270720       4      5.082880  
NOR2X0_RVT         saed32rvt_tt0p78v25c
                                  2.541440       1      2.541440  
OAI21X1_RVT        saed32rvt_tt0p78v25c
                                  3.049728       1      3.049728  
OR2X1_RVT          saed32rvt_tt0p78v25c
                                  2.033152       2      4.066304  
XNOR2X1_RVT        saed32rvt_tt0p78v25c
                                  4.320448       2      8.640896  
XOR2X1_RVT         saed32rvt_tt0p78v25c
                                  4.320448       2      8.640896  
-----------------------------------------------------------------------------
Total 7 references                                     56.165823
1
