 
****************************************
Report : area
Design : omsp_alu
Version: W-2024.09-SP5-4
Date   : Fri May  1 15:20:02 2026
****************************************

Library(s) Used:

    saed32rvt_tt0p78v25c (File: /usr/local/synopsys/pdk/SAED32_EDK/lib/stdcell_rvt/db_nldm/saed32rvt_tt0p78v25c.db)

Number of ports:                          247
Number of nets:                           778
Number of cells:                          540
Number of combinational cells:            533
Number of sequential cells:                 0
Number of macros/black boxes:               0
Number of buf/inv:                         45
Number of references:                      17

Combinational area:               1314.941086
Buf/Inv area:                       57.182400
Noncombinational area:               0.000000
Macro/Black Box area:                0.000000
Net Interconnect area:             236.475562

Total cell area:                  1314.941086
Total area:                       1551.416647

Hierarchical area distribution
------------------------------

                                  Global cell area          Local cell area
                                  ------------------  ---------------------------- 
Hierarchical cell                 Absolute   Percent  Combi-     Noncombi-  Black-
                                  Total      Total    national   national   boxes   Design
--------------------------------  ---------  -------  ---------  ---------  ------  ----------------------------
omsp_alu                          1314.9411    100.0   962.6975     0.0000  0.0000  omsp_alu
DP_OP_68_122_3245                  132.9173     10.1   132.9173     0.0000  0.0000  omsp_alu_DP_OP_68_122_3245_1
DP_OP_69_123_7159                   54.3868      4.1    54.3868     0.0000  0.0000  omsp_alu_DP_OP_69_123_7159_1
DP_OP_70_124_7159                   54.3868      4.1    54.3868     0.0000  0.0000  omsp_alu_DP_OP_70_124_7159_1
DP_OP_71_125_7159                   54.3868      4.1    54.3868     0.0000  0.0000  omsp_alu_DP_OP_71_125_7159_1
DP_OP_72_126_7159                   56.1658      4.3    56.1658     0.0000  0.0000  omsp_alu_DP_OP_72_126_7159_1
--------------------------------  ---------  -------  ---------  ---------  ------  ----------------------------
Total                                                 1314.9411     0.0000  0.0000

1
